<?xml version='1.0' encoding='UTF-8'?>
<testsuite hostname="LAPTOP-P90NLTRP" name="DataSpec" tests="2" errors="0" failures="0" skipped="0" time="0.084" timestamp="2025-05-05T15:02:20">
          <properties>
[...]
</properties>
          <testcase classname="DataSpec" name="Analyze statistics" time="0.084">
                      
                    </testcase><testcase classname="DataSpec" name="Check monitor alerts" time="0.0">
                      
                    </testcase>
          <system-out><![CDATA[]]></system-out>
          <system-err><![CDATA[]]></system-err>
        </testsuite>